<?xml version="1.0" encoding="UTF-8"?>
<!-- Generated by org.testng.reporters.JUnitReportReporter -->
<testsuite hostname="LAPTOP-5K6Q4QC2" failures="0" tests="5" name="com.Orange.testPages.LoginTest" time="35.138" errors="0" timestamp="2023-05-24T03:15:13 EDT" skipped="0">
  <testcase classname="com.Orange.testPages.LoginTest" name="verifyLoginButtonTest" time="7.788"/>
  <system-out/>
  <testcase classname="com.Orange.testPages.LoginTest" name="verifyPageTitleTest" time="6.178"/>
  <system-out/>
  <testcase classname="com.Orange.testPages.LoginTest" name="verifyOrangeImageTest" time="6.684"/>
  <system-out/>
  <testcase classname="com.Orange.testPages.LoginTest" name="verifyHrmLoginImageTest" time="7.272"/>
  <system-out/>
  <testcase classname="com.Orange.testPages.LoginTest" name="verifyResetPasswordLinkTest" time="7.216"/>
  <system-out/>
</testsuite> <!-- com.Orange.testPages.LoginTest -->
