<?xml version="1.0" encoding="UTF-8"?>
<!-- Generated by org.testng.reporters.JUnitReportReporter -->
<testsuite hostname="LAPTOP-5K6Q4QC2" failures="0" tests="2" name="com.Orange.testPages.ResetPasswordPageTest" time="16.445" errors="0" timestamp="2023-05-24T03:15:13 EDT" skipped="0">
  <testcase classname="com.Orange.testPages.ResetPasswordPageTest" name="verifyResetPasswordButtonLinkPageTest" time="8.632"/>
  <system-out/>
  <testcase classname="com.Orange.testPages.ResetPasswordPageTest" name="verifyCancelLinkTest" time="7.813"/>
  <system-out/>
</testsuite> <!-- com.Orange.testPages.ResetPasswordPageTest -->
