<?xml version="1.0" encoding="UTF-8"?>
<!-- Generated by org.testng.reporters.JUnitReportReporter -->
<testsuite hostname="LAPTOP-5K6Q4QC2" failures="0" tests="1" name="com.Orange.testPages.SendResetPasswordLinkPageTest" time="7.686" errors="0" timestamp="2023-05-24T03:15:13 EDT" skipped="0">
  <testcase classname="com.Orange.testPages.SendResetPasswordLinkPageTest" name="verifySuccessfulTextTest" time="7.686"/>
  <system-out/>
</testsuite> <!-- com.Orange.testPages.SendResetPasswordLinkPageTest -->
